<?xml version="1.0" encoding="UTF-8" ?>
<testsuite tests="3" failures="0" name="net.sf.cotelab.playingcards.demo.DeckViewerTest" time="0.102" errors="0" skipped="0">
  <properties>
[...]
</properties>
  <testcase classname="net.sf.cotelab.playingcards.demo.DeckViewerTest" name="testMain" time="0"/>
  <testcase classname="net.sf.cotelab.playingcards.demo.DeckViewerTest" name="testStartStage" time="0.102"/>
  <testcase classname="net.sf.cotelab.playingcards.demo.DeckViewerTest" name="testNewScene" time="0"/>
</testsuite>